<?xml version="1.0" encoding="UTF-8" ?>
<testsuite failures="0" time="0.986" errors="0" skipped="0" tests="2" name="com.gt.stick2code.filecopy.FileCopyKeyGenTest">
  <properties>
    <property name="java.runtime.name" value="Java(TM) SE Runtime Environment"/>
    <property name="sun.boot.library.path" value="C:\software\java\jdk1.7.0_51\jre\bin"/>
    <property name="java.vm.version" value="24.51-b03"/>
    <property name="java.vm.vendor" value="Oracle Corporation"/>
    <property name="java.vendor.url" value="http://java.oracle.com/"/>
    <property name="path.separator" value=";"/>
    <property name="guice.disable.misplaced.annotation.check" value="true"/>
    <property name="java.vm.name" value="Java HotSpot(TM) Client VM"/>
    <property name="file.encoding.pkg" value="sun.io"/>
    <property name="user.script" value=""/>
    <property name="user.country" value="US"/>
    <property name="sun.java.launcher" value="SUN_STANDARD"/>
    <property name="sun.os.patch.level" value="Service Pack 1"/>
    <property name="java.vm.specification.name" value="Java Virtual Machine Specification"/>
    <property name="user.dir" value="C:\Users\ganaraj_tejasvi\git\stick2code\filecopy"/>
    <property name="java.runtime.version" value="1.7.0_51-b13"/>
    <property name="java.awt.graphicsenv" value="sun.awt.Win32GraphicsEnvironment"/>
    <property name="java.endorsed.dirs" value="C:\software\java\jdk1.7.0_51\jre\lib\endorsed"/>
    <property name="os.arch" value="x86"/>
    <property name="java.io.tmpdir" value="C:\Users\GANARA~1\AppData\Local\Temp\"/>
    <property name="line.separator" value="
"/>
    <property name="java.vm.specification.vendor" value="Oracle Corporation"/>
    <property name="user.variant" value=""/>
    <property name="os.name" value="Windows 7"/>
    <property name="classworlds.conf" value="D:\spring\basicjava\.metadata\.plugins\org.eclipse.m2e.launching\launches\m2conf5917864960304839562.tmp"/>
    <property name="sun.jnu.encoding" value="Cp1252"/>
    <property name="java.library.path" value="C:\software\java\jdk1.7.0_51\bin;C:\windows\Sun\Java\bin;C:\windows\system32;C:\windows;C:/software/java/jdk1.7.0_51/jre/bin/client;C:/software/java/jdk1.7.0_51/jre/bin;C:/software/java/jdk1.7.0_51/jre/lib/i386;D:\app\harish_236939\product\11.1.0\client_1\bin;C:\windows\system32;C:\windows;C:\windows\System32\Wbem;C:\windows\System32\WindowsPowerShell\v1.0\;C:\Program Files\TortoiseSVN\bin;C:\software\springsource\sts-3.4.0.RELEASE;;."/>
    <property name="java.specification.name" value="Java Platform API Specification"/>
    <property name="java.class.version" value="51.0"/>
    <property name="sun.management.compiler" value="HotSpot Client Compiler"/>
    <property name="os.version" value="6.1"/>
    <property name="user.home" value="C:\Users\ganaraj_tejasvi"/>
    <property name="user.timezone" value="Asia/Calcutta"/>
    <property name="java.awt.printerjob" value="sun.awt.windows.WPrinterJob"/>
    <property name="java.specification.version" value="1.7"/>
    <property name="file.encoding" value="Cp1252"/>
    <property name="user.name" value="Ganaraj_Tejasvi"/>
    <property name="java.class.path" value="/C:/software/springsource/sts-3.4.0.RELEASE/configuration/org.eclipse.osgi/bundles/663/1/.cp/jars/plexus-classworlds-2.4.jar"/>
    <property name="java.vm.specification.version" value="1.7"/>
    <property name="sun.arch.data.model" value="32"/>
    <property name="java.home" value="C:\software\java\jdk1.7.0_51\jre"/>
    <property name="sun.java.command" value="org.codehaus.plexus.classworlds.launcher.Launcher -B install"/>
    <property name="java.specification.vendor" value="Oracle Corporation"/>
    <property name="user.language" value="en"/>
    <property name="awt.toolkit" value="sun.awt.windows.WToolkit"/>
    <property name="java.vm.info" value="mixed mode"/>
    <property name="java.version" value="1.7.0_51"/>
    <property name="java.ext.dirs" value="C:\software\java\jdk1.7.0_51\jre\lib\ext;C:\windows\Sun\Java\lib\ext"/>
    <property name="sun.boot.class.path" value="C:\software\java\jdk1.7.0_51\jre\lib\resources.jar;C:\software\java\jdk1.7.0_51\jre\lib\rt.jar;C:\software\java\jdk1.7.0_51\jre\lib\sunrsasign.jar;C:\software\java\jdk1.7.0_51\jre\lib\jsse.jar;C:\software\java\jdk1.7.0_51\jre\lib\jce.jar;C:\software\java\jdk1.7.0_51\jre\lib\charsets.jar;C:\software\java\jdk1.7.0_51\jre\lib\jfr.jar;C:\software\java\jdk1.7.0_51\jre\classes"/>
    <property name="java.vendor" value="Oracle Corporation"/>
    <property name="maven.home" value="C:\Users\ganaraj_tejasvi\git\stick2code\filecopy\EMBEDDED"/>
    <property name="file.separator" value="\"/>
    <property name="java.vendor.url.bug" value="http://bugreport.sun.com/bugreport/"/>
    <property name="maven.bootclasspath" value="/C:/software/springsource/sts-3.4.0.RELEASE/configuration/org.eclipse.osgi/bundles/663/1/.cp/jars/plexus-classworlds-2.4.jar"/>
    <property name="sun.cpu.endian" value="little"/>
    <property name="sun.io.unicode.encoding" value="UnicodeLittle"/>
    <property name="sun.desktop" value="windows"/>
    <property name="sun.cpu.isalist" value="pentium_pro+mmx pentium_pro pentium+mmx pentium i486 i386 i86"/>
  </properties>
  <testcase time="0.887" classname="com.gt.stick2code.filecopy.FileCopyKeyGenTest" name="testGetRandomKey"/>
  <testcase time="0.031" classname="com.gt.stick2code.filecopy.FileCopyKeyGenTest" name="testEncPwd"/>
</testsuite>